<?xml version="1.0" encoding="UTF-8" standalone="no"?>
<testsuite errors="0" failures="0" name="io.cucumber.core.plugin.JUnitFormatter" skipped="0" tests="2" time="4.384">
    <testcase classname="feature to test login functionality" name="Check login is successful with valid credentials YOU SHOULDN'T see bc of tags" time="2.443">
        <system-out><![CDATA[Given user is on login page.................................................passed
When user enters Dimitar and 123455.........................................passed
And clicks on login button..................................................passed
Then user is navigated to the home page.....................................passed
]]></system-out>
    </testcase>
    <testcase classname="feature to test login functionality" name="Check login is successful with valid credentials YOU SHOULDN'T see bc of tags 2" time="1.799">
        <system-out><![CDATA[Given user is on login page.................................................passed
When user enters Dimitar1 and 123455........................................passed
And clicks on login button..................................................passed
Then user is navigated to the home page.....................................passed
]]></system-out>
    </testcase>
</testsuite>
